
<!DOCTYPE HTML>

<html lang="en" class="_theme-default">

<head>
  <meta charset="utf-8">
  <title>Internals&#58; Multivariate Statistics Examples - PostgreSQL 13 - W3cubDocs</title>
  
  <meta name="description" content=" Multivariate correlation can be demonstrated with a very simple data set — a table with two columns, both containing the same values&#58; ">
  <meta name="keywords" content="multivariate, statistics, examples, internals, postgresql, postgresql~13">
  <meta name="HandheldFriendly" content="True">
  <meta name="MobileOptimized" content="320">
  <meta name="viewport" content="width=device-width, initial-scale=1">
  <meta name="mobile-web-app-capable" content="yes">
  
  <link rel="canonical" href="https://docs.w3cub.com/postgresql~13/multivariate-statistics-examples.html">
  <link href="/favicon.png" rel="icon">
  <link rel="stylesheet" type="text/css" href="/assets/application-e4ebd3a2a5652ff55173659804c4390a004917f3bdd17b5bb3ba78ea5c9c46fe181cadaac34517ccd815f5bdc982bbfe67179d6f4ac2f084ef2265e2a3dc8dc5.css" integrity="sha512-5OvToqVlL/VRc2WYBMQ5CgBJF/O90Xtbs7p46lycRv4YHK2qw0UXzNgV9b3Jgrv+Zxedb0rC8ITvImXio9yNxQ==" crossorigin="anonymous">
  <script type="text/javascript" integrity="sha512-EpkDeu98lN/jPKijllzVWdRg/dUSSMCaldYZNFz6bcNoBvpWRNz0HSTRQJ3ENmQc5Cuj1zDW1vHd7b0DzpOgyA==" crossorigin="anonymous" src="/assets/application-1299037aef7c94dfe33ca8a3965cd559d460fdd51248c09a95d619345cfa6dc36806fa5644dcf41d24d1409dc436641ce42ba3d730d6d6f1ddedbd03ce93a0c8.js"></script>
  <script src="/json/postgresql~13.js"></script>
  
  <script type="text/javascript">
    var _gaq = _gaq || [];
    _gaq.push(['_setAccount', 'UA-71174418-1']);
    _gaq.push(['_trackPageview']);

    (function() {
      var ga = document.createElement('script'); ga.type = 'text/javascript'; ga.async = true;
      ga.src = ('https:' == document.location.protocol ? 'https://ssl' : 'http://www') + '.google-analytics.com/ga.js';
      var s = document.getElementsByTagName('script')[0]; s.parentNode.insertBefore(ga, s);
    })();
  </script>
  <script data-ad-client="ca-pub-2572770204602497" async src="https://pagead2.googlesyndication.com/pagead/js/adsbygoogle.js"></script>
  <script async custom-element="amp-auto-ads"
  src="https://cdn.ampproject.org/v0/amp-auto-ads-0.1.js">
</script>


</head>

<body>
	<amp-auto-ads type="adsense"
              data-ad-client="ca-pub-2572770204602497">
	</amp-auto-ads>
	<div class="_app">
	<header class="_header">
  
  <form class="_search">
    <input type="search" class="_search-input" placeholder="Search&hellip;" autocomplete="off" autocapitalize="off" autocorrect="off" spellcheck="false" maxlength="20">
    <a class="_search-clear"></a>
    <div class="_search-tag"></div>
  </form>
  
  <a class="_home-link" href="/" ></a>
  <a class="_menu-link"></a>
  <h1 class="_logo">
    <a href="/" class="_nav-link" title="API Documentation Browser">W3cubDocs</a>
  </h1>
  
  <span class="_logo-sub-nav">/</span><span class="_logo-sub-nav"><a href="/postgresql~13/" class="_nav-link" title="" style="margin-left:0;">PostgreSQL 13</a></span>
  
  <nav class="_nav">
    <a href="https://tools.w3cub.com/?_sp=docs" target="_blank" class="_nav-link ">W3cubTools</a>
    <a href="/cheatsheets/" class="_nav-link ">Cheatsheets</a>
    <a href="/about/" class="_nav-link ">About</a>
  </nav>
</header>
	<section class="_sidebar">
		<div class="_list-wrap">
			<div class="_list">
			
			</div>
		</div>
	</section>
	<section class="_container ">
		<div class="_content">
			<ins class="adsbygoogle"
     style="display:block"
     data-ad-client="ca-pub-2572770204602497"
     data-ad-slot="6861657091"
     data-ad-format="link"
     data-full-width-responsive="true"></ins>
<script>
     (adsbygoogle = window.adsbygoogle || []).push({});
</script>
			<div class="_page _postgres">
				
				
<h1>70.2. Multivariate Statistics Examples</h1>    <div class="toc"> <dl class="toc"> <dt><a href="multivariate-statistics-examples#FUNCTIONAL-DEPENDENCIES">70.2.1. Functional Dependencies</a></dt> <dt><a href="multivariate-statistics-examples#MULTIVARIATE-NDISTINCT-COUNTS">70.2.2. Multivariate N-Distinct Counts</a></dt> <dt><a href="multivariate-statistics-examples#MCV-LISTS">70.2.3. MCV Lists</a></dt> </dl> </div> <div class="sect2" id="FUNCTIONAL-DEPENDENCIES">    <h2 class="title">70.2.1. Functional Dependencies</h2>    <p>Multivariate correlation can be demonstrated with a very simple data set — a table with two columns, both containing the same values:</p> <pre data-language="sql">
CREATE TABLE t (a INT, b INT);
INSERT INTO t SELECT i % 100, i % 100 FROM generate_series(1, 10000) s(i);
ANALYZE t;
</pre> <p>As explained in <a class="xref" href="planner-stats" title="14.2. Statistics Used by the Planner">Section 14.2</a>, the planner can determine cardinality of <code class="structname">t</code> using the number of pages and rows obtained from <code class="structname">pg_class</code>:</p> <pre data-language="sql">
SELECT relpages, reltuples FROM pg_class WHERE relname = 't';

 relpages | reltuples
----------+-----------
       45 |     10000
</pre> <p>The data distribution is very simple; there are only 100 distinct values in each column, uniformly distributed.</p> <p>The following example shows the result of estimating a <code class="literal">WHERE</code> condition on the <code class="structfield">a</code> column:</p> <pre data-language="sql">
EXPLAIN (ANALYZE, TIMING OFF) SELECT * FROM t WHERE a = 1;
                                 QUERY PLAN                                  
-------------------------------------------------------------------​------------
 Seq Scan on t  (cost=0.00..170.00 rows=100 width=8) (actual rows=100 loops=1)
   Filter: (a = 1)
   Rows Removed by Filter: 9900
</pre> <p>The planner examines the condition and determines the selectivity of this clause to be 1%. By comparing this estimate and the actual number of rows, we see that the estimate is very accurate (in fact exact, as the table is very small). Changing the <code class="literal">WHERE</code> condition to use the <code class="structfield">b</code> column, an identical plan is generated. But observe what happens if we apply the same condition on both columns, combining them with <code class="literal">AND</code>:</p> <pre data-language="sql">
EXPLAIN (ANALYZE, TIMING OFF) SELECT * FROM t WHERE a = 1 AND b = 1;
                                 QUERY PLAN                                  
-------------------------------------------------------------------​----------
 Seq Scan on t  (cost=0.00..195.00 rows=1 width=8) (actual rows=100 loops=1)
   Filter: ((a = 1) AND (b = 1))
   Rows Removed by Filter: 9900
</pre> <p>The planner estimates the selectivity for each condition individually, arriving at the same 1% estimates as above. Then it assumes that the conditions are independent, and so it multiplies their selectivities, producing a final selectivity estimate of just 0.01%. This is a significant underestimate, as the actual number of rows matching the conditions (100) is two orders of magnitude higher.</p> <p>This problem can be fixed by creating a statistics object that directs <code class="command">ANALYZE</code> to calculate functional-dependency multivariate statistics on the two columns:</p> <pre data-language="sql">
CREATE STATISTICS stts (dependencies) ON a, b FROM t;
ANALYZE t;
EXPLAIN (ANALYZE, TIMING OFF) SELECT * FROM t WHERE a = 1 AND b = 1;
                                  QUERY PLAN                                   
-------------------------------------------------------------------​------------
 Seq Scan on t  (cost=0.00..195.00 rows=100 width=8) (actual rows=100 loops=1)
   Filter: ((a = 1) AND (b = 1))
   Rows Removed by Filter: 9900
</pre> </div> <div class="sect2" id="MULTIVARIATE-NDISTINCT-COUNTS">    <h2 class="title">70.2.2. Multivariate N-Distinct Counts</h2>    <p>A similar problem occurs with estimation of the cardinality of sets of multiple columns, such as the number of groups that would be generated by a <code class="command">GROUP BY</code> clause. When <code class="command">GROUP BY</code> lists a single column, the n-distinct estimate (which is visible as the estimated number of rows returned by the HashAggregate node) is very accurate:</p> <pre data-language="sql">
EXPLAIN (ANALYZE, TIMING OFF) SELECT COUNT(*) FROM t GROUP BY a;
                                       QUERY PLAN                                        
-------------------------------------------------------------------​----------------------
 HashAggregate  (cost=195.00..196.00 rows=100 width=12) (actual rows=100 loops=1)
   Group Key: a
   -&gt;  Seq Scan on t  (cost=0.00..145.00 rows=10000 width=4) (actual rows=10000 loops=1)
</pre> <p>But without multivariate statistics, the estimate for the number of groups in a query with two columns in <code class="command">GROUP BY</code>, as in the following example, is off by an order of magnitude:</p> <pre data-language="sql">
EXPLAIN (ANALYZE, TIMING OFF) SELECT COUNT(*) FROM t GROUP BY a, b;
                                       QUERY PLAN                                        
-------------------------------------------------------------------​-------------------------
 HashAggregate  (cost=220.00..230.00 rows=1000 width=16) (actual rows=100 loops=1)
   Group Key: a, b
   -&gt;  Seq Scan on t  (cost=0.00..145.00 rows=10000 width=8) (actual rows=10000 loops=1)
</pre> <p>By redefining the statistics object to include n-distinct counts for the two columns, the estimate is much improved:</p> <pre data-language="sql">
DROP STATISTICS stts;
CREATE STATISTICS stts (dependencies, ndistinct) ON a, b FROM t;
ANALYZE t;
EXPLAIN (ANALYZE, TIMING OFF) SELECT COUNT(*) FROM t GROUP BY a, b;
                                       QUERY PLAN                                        
-------------------------------------------------------------------​-------------------------
 HashAggregate  (cost=220.00..221.00 rows=100 width=16) (actual rows=100 loops=1)
   Group Key: a, b
   -&gt;  Seq Scan on t  (cost=0.00..145.00 rows=10000 width=8) (actual rows=10000 loops=1)
</pre> </div> <div class="sect2" id="MCV-LISTS">    <h2 class="title">70.2.3. MCV Lists</h2>    <p>As explained in <a class="xref" href="multivariate-statistics-examples#FUNCTIONAL-DEPENDENCIES" title="70.2.1. Functional Dependencies">Section 70.2.1</a>, functional dependencies are very cheap and efficient type of statistics, but their main limitation is their global nature (only tracking dependencies at the column level, not between individual column values).</p> <p>This section introduces multivariate variant of MCV (most-common values) lists, a straightforward extension of the per-column statistics described in <a class="xref" href="row-estimation-examples" title="70.1. Row Estimation Examples">Section 70.1</a>. These statistics address the limitation by storing individual values, but it is naturally more expensive, both in terms of building the statistics in <code class="command">ANALYZE</code>, storage and planning time.</p> <p>Let's look at the query from <a class="xref" href="multivariate-statistics-examples#FUNCTIONAL-DEPENDENCIES" title="70.2.1. Functional Dependencies">Section 70.2.1</a> again, but this time with a MCV list created on the same set of columns (be sure to drop the functional dependencies, to make sure the planner uses the newly created statistics).</p> <pre data-language="sql">
DROP STATISTICS stts;
CREATE STATISTICS stts2 (mcv) ON a, b FROM t;
ANALYZE t;
EXPLAIN (ANALYZE, TIMING OFF) SELECT * FROM t WHERE a = 1 AND b = 1;
                                   QUERY PLAN
-------------------------------------------------------------------​------------
 Seq Scan on t  (cost=0.00..195.00 rows=100 width=8) (actual rows=100 loops=1)
   Filter: ((a = 1) AND (b = 1))
   Rows Removed by Filter: 9900
</pre> <p>The estimate is as accurate as with the functional dependencies, mostly thanks to the table being fairly small and having a simple distribution with a low number of distinct values. Before looking at the second query, which was not handled by functional dependencies particularly well, let's inspect the MCV list a bit.</p> <p>Inspecting the MCV list is possible using <code class="function">pg_mcv_list_items</code> set-returning function.</p> <pre data-language="sql">
SELECT m.* FROM pg_statistic_ext join pg_statistic_ext_data on (oid = stxoid),
                pg_mcv_list_items(stxdmcv) m WHERE stxname = 'stts2';
 index |  values  | nulls | frequency | base_frequency 
-------+----------+-------+-----------+----------------
     0 | {0, 0}   | {f,f} |      0.01 |         0.0001
     1 | {1, 1}   | {f,f} |      0.01 |         0.0001
   ...
    49 | {49, 49} | {f,f} |      0.01 |         0.0001
    50 | {50, 50} | {f,f} |      0.01 |         0.0001
   ...
    97 | {97, 97} | {f,f} |      0.01 |         0.0001
    98 | {98, 98} | {f,f} |      0.01 |         0.0001
    99 | {99, 99} | {f,f} |      0.01 |         0.0001
(100 rows)
</pre> <p>This confirms there are 100 distinct combinations in the two columns, and all of them are about equally likely (1% frequency for each one). The base frequency is the frequency computed from per-column statistics, as if there were no multi-column statistics. Had there been any null values in either of the columns, this would be identified in the <code class="structfield">nulls</code> column.</p> <p>When estimating the selectivity, the planner applies all the conditions on items in the MCV list, and then sums the frequencies of the matching ones. See <code class="function">mcv_clauselist_selectivity</code> in <code class="filename">src/backend/statistics/mcv.c</code> for details.</p> <p>Compared to functional dependencies, MCV lists have two major advantages. Firstly, the list stores actual values, making it possible to decide which combinations are compatible.</p> <pre data-language="sql">
EXPLAIN (ANALYZE, TIMING OFF) SELECT * FROM t WHERE a = 1 AND b = 10;
                                 QUERY PLAN
-------------------------------------------------------------------​--------
 Seq Scan on t  (cost=0.00..195.00 rows=1 width=8) (actual rows=0 loops=1)
   Filter: ((a = 1) AND (b = 10))
   Rows Removed by Filter: 10000
</pre> <p>Secondly, MCV lists handle a wider range of clause types, not just equality clauses like functional dependencies. For example, consider the following range query for the same table:</p> <pre data-language="sql">
EXPLAIN (ANALYZE, TIMING OFF) SELECT * FROM t WHERE a &lt;= 49 AND b &gt; 49;
                                QUERY PLAN
-------------------------------------------------------------------​--------
 Seq Scan on t  (cost=0.00..195.00 rows=1 width=8) (actual rows=0 loops=1)
   Filter: ((a &lt;= 49) AND (b &gt; 49))
   Rows Removed by Filter: 10000
</pre> </div>  <div xmlns="http://www.w3.org/TR/xhtml1/transitional" class="navfooter">  <table summary="Navigation footer"> <tr> <td width="40%" align="left">
<a accesskey="p" href="row-estimation-examples" title="70.1. Row Estimation Examples">Prev</a> </td> <td width="20%" align="center"><a accesskey="u" href="https://www.postgresql.org/docs/13/planner-stats-details.html" title="Chapter 70. How the Planner Uses Statistics">Up</a></td> <td width="40%" align="right"> <a accesskey="n" href="planner-stats-security" title="70.3. Planner Statistics and Security">Next</a>
</td> </tr> <tr> <td width="40%" align="left">70.1. Row Estimation Examples </td> <td width="20%" align="center"><a accesskey="h" href="https://www.postgresql.org/docs/13/index.html" title="PostgreSQL 13.1 Documentation">Home</a></td> <td width="40%" align="right"> 70.3. Planner Statistics and Security</td> </tr> </table> </div>
<div class="_attribution">
  <p class="_attribution-p">
    © 1996–2020 The PostgreSQL Global Development Group<br>Licensed under the PostgreSQL License.<br>
    <a href="https://www.postgresql.org/docs/13/multivariate-statistics-examples.html" class="_attribution-link">https://www.postgresql.org/docs/13/multivariate-statistics-examples.html</a>
  </p>
</div>

				
			</div>
			<ins class="adsbygoogle"
     style="display:block"
     data-ad-client="ca-pub-2572770204602497"
     data-ad-slot="1992473792"
     data-ad-format="auto"
     data-full-width-responsive="true"></ins>
<script>
     (adsbygoogle = window.adsbygoogle || []).push({});
</script>
		</div>
	</section>

	</div>
	<svg style="display:none">
		<symbol id="icon-dir"><svg viewBox="0 0 20 20"><path d="M15 10c0 .3-.305.515-.305.515l-8.56 5.303c-.625.41-1.135.106-1.135-.67V4.853c0-.777.51-1.078 1.135-.67l8.56 5.305S15 9.702 15 10z"/></svg></symbol>
	  </svg>
</body>
</html>
